{"C:\\social-media-client\\unit-tests\\createitem.js": {"path":"C:\\social-media-client\\unit-tests\\createitem.js","statementMap":{"0":{"start":{"line":5,"column":2},"end":{"line":5,"column":57}}},"fnMap":{"0":{"name":"createItem","decl":{"start":{"line":3,"column":16},"end":{"line":3,"column":26}},"loc":{"start":{"line":3,"column":46},"end":{"line":6,"column":1}},"line":3}},"branchMap":{},"s":{"0":1},"f":{"0":1},"b":{},"_coverageSchema":"1a1c01bbd47fc00a2c39e90264f33305004495a9","hash":"fceb09d3982832bcfcaffb884766263b64dbd5e8"}
,"C:\\social-media-client\\unit-tests\\login.js": {"path":"C:\\social-media-client\\unit-tests\\login.js","statementMap":{"0":{"start":{"line":5,"column":2},"end":{"line":5,"column":29}}},"fnMap":{"0":{"name":"login","decl":{"start":{"line":3,"column":16},"end":{"line":3,"column":21}},"loc":{"start":{"line":3,"column":39},"end":{"line":6,"column":1}},"line":3}},"branchMap":{},"s":{"0":1},"f":{"0":1},"b":{},"_coverageSchema":"1a1c01bbd47fc00a2c39e90264f33305004495a9","hash":"a426f3a5a3a1a85c5033bd664db6c82a92ccfd80"}
}
